<?xml version="1.0" encoding="UTF-8"?>
<!-- Generated by org.testng.reporters.JUnitReportReporter -->
<testsuite skipped="0" hostname="Swapnils-MacBook-Pro.local" name="www.etihive.home.TC_01_UserRegistration" tests="1" failures="0" timestamp="4 Apr 2020 18:17:42 GMT" time="13.185" errors="0">
  <testcase name="f1" time="13.185" classname="www.etihive.home.TC_01_UserRegistration"/>
</testsuite> <!-- www.etihive.home.TC_01_UserRegistration -->
